<?xml version="1.0" encoding="UTF-8"?>
<!-- Generated by org.testng.reporters.JUnitXMLReporter -->
<testsuite ignored="0" hostname="Buba" failures="1" tests="4" name="Surefire test" time="29.989" errors="0" timestamp="2026-01-22T23:23:15 GMT+05:00">
  <testcase classname="tests.SauceDemoTests" name="addItemToCart" time="0.484"/>
  <testcase classname="tests.SauceDemoTests" name="productSortingByPrice" time="0.581"/>
  <testcase classname="tests.SauceDemoTests" name="successfulLogin" time="0.327"/>
  <testcase classname="tests.SauceDemoTests" name="verifyCartBadgeCount" time="0.462">
    <failure type="java.lang.AssertionError" message="Cart badge should show 5 items expected [5] but found [2]">
      <![CDATA[java.lang.AssertionError: Cart badge should show 5 items expected [5] but found [2]
at tests.SauceDemoTests.verifyCartBadgeCount(SauceDemoTests.java:85)
at java.base/java.util.ArrayList.forEach(ArrayList.java:1604)
... Removed 35 stack frames]]>
    </failure>
  </testcase> <!-- verifyCartBadgeCount -->
</testsuite> <!-- Surefire test -->
