<?xml version="1.0" encoding="UTF-8"?>
<testsuite xmlns:xsi="http://www.w3.org/2001/XMLSchema-instance" xsi:noNamespaceSchemaLocation="https://maven.apache.org/surefire/maven-surefire-plugin/xsd/surefire-test-report-3.0.xsd" version="3.0" name="TestSuite" time="30.304" tests="4" errors="0" skipped="0" failures="1">
  <properties>
[...]
</properties>
  <testcase name="addItemToCart" classname="tests.SauceDemoTests" time="0.485">
    <system-err><![CDATA[SLF4J: Failed to load class "org.slf4j.impl.StaticLoggerBinder".
SLF4J: Defaulting to no-operation (NOP) logger implementation
SLF4J: See http://www.slf4j.org/codes.html#StaticLoggerBinder for further details.
янв. 22, 2026 11:22:46 PM org.openqa.selenium.manager.SeleniumManager lambda$runCommand$1
WARNING: Exception managing MicrosoftEdge: error sending request for url (https://msedgedriver.azureedge.net/LATEST_RELEASE_144_WINDOWS): error trying to connect: dns error: Этот хост неизвестен. (os error 11001)
янв. 22, 2026 11:22:46 PM org.openqa.selenium.manager.SeleniumManager lambda$runCommand$1
WARNING: The msedgedriver version (143.0.3650.96) detected in PATH at C:\Windows\msedgedriver.exe might not be compatible with the detected MicrosoftEdge version (144.0.3719.82); currently, msedgedriver  is recommended for MicrosoftEdge 144.*, so it is advised to delete the driver in PATH and retry
янв. 22, 2026 11:22:47 PM org.openqa.selenium.devtools.CdpVersionFinder findNearestMatch
WARNING: Unable to find CDP implementation matching 144
янв. 22, 2026 11:22:47 PM org.openqa.selenium.chromium.ChromiumDriver lambda$new$5
WARNING: Unable to find version of CDP to use for 144.0.3719.82. You may need to include a dependency on a specific version of the CDP using something similar to `org.seleniumhq.selenium:selenium-devtools-v86:4.16.1` where the version ("v86") matches the version of the chromium-based browser you're using and the version number of the artifact is the same as Selenium's.
]]></system-err>
  </testcase>
  <testcase name="productSortingByPrice" classname="tests.SauceDemoTests" time="0.581">
    <system-err><![CDATA[янв. 22, 2026 11:22:56 PM org.openqa.selenium.manager.SeleniumManager lambda$runCommand$1
WARNING: Exception managing MicrosoftEdge: error sending request for url (https://msedgedriver.azureedge.net/LATEST_RELEASE_144_WINDOWS): error trying to connect: dns error: Этот хост неизвестен. (os error 11001)
янв. 22, 2026 11:22:56 PM org.openqa.selenium.manager.SeleniumManager lambda$runCommand$1
WARNING: The msedgedriver version (143.0.3650.96) detected in PATH at C:\Windows\msedgedriver.exe might not be compatible with the detected MicrosoftEdge version (144.0.3719.82); currently, msedgedriver  is recommended for MicrosoftEdge 144.*, so it is advised to delete the driver in PATH and retry
янв. 22, 2026 11:22:57 PM org.openqa.selenium.devtools.CdpVersionFinder findNearestMatch
WARNING: Unable to find CDP implementation matching 144
янв. 22, 2026 11:22:57 PM org.openqa.selenium.chromium.ChromiumDriver lambda$new$5
WARNING: Unable to find version of CDP to use for 144.0.3719.82. You may need to include a dependency on a specific version of the CDP using something similar to `org.seleniumhq.selenium:selenium-devtools-v86:4.16.1` where the version ("v86") matches the version of the chromium-based browser you're using and the version number of the artifact is the same as Selenium's.
]]></system-err>
  </testcase>
  <testcase name="successfulLogin" classname="tests.SauceDemoTests" time="0.327">
    <system-err><![CDATA[янв. 22, 2026 11:23:02 PM org.openqa.selenium.manager.SeleniumManager lambda$runCommand$1
WARNING: Exception managing MicrosoftEdge: error sending request for url (https://msedgedriver.azureedge.net/LATEST_RELEASE_144_WINDOWS): error trying to connect: dns error: Этот хост неизвестен. (os error 11001)
янв. 22, 2026 11:23:02 PM org.openqa.selenium.manager.SeleniumManager lambda$runCommand$1
WARNING: The msedgedriver version (143.0.3650.96) detected in PATH at C:\Windows\msedgedriver.exe might not be compatible with the detected MicrosoftEdge version (144.0.3719.82); currently, msedgedriver  is recommended for MicrosoftEdge 144.*, so it is advised to delete the driver in PATH and retry
янв. 22, 2026 11:23:03 PM org.openqa.selenium.devtools.CdpVersionFinder findNearestMatch
WARNING: Unable to find CDP implementation matching 144
янв. 22, 2026 11:23:03 PM org.openqa.selenium.chromium.ChromiumDriver lambda$new$5
WARNING: Unable to find version of CDP to use for 144.0.3719.82. You may need to include a dependency on a specific version of the CDP using something similar to `org.seleniumhq.selenium:selenium-devtools-v86:4.16.1` where the version ("v86") matches the version of the chromium-based browser you're using and the version number of the artifact is the same as Selenium's.
]]></system-err>
  </testcase>
  <testcase name="verifyCartBadgeCount" classname="tests.SauceDemoTests" time="0.464">
    <failure message="Cart badge should show 5 items expected [5] but found [2]" type="java.lang.AssertionError"><![CDATA[java.lang.AssertionError: Cart badge should show 5 items expected [5] but found [2]
	at org.testng.Assert.fail(Assert.java:111)
	at org.testng.Assert.failNotEquals(Assert.java:1578)
	at org.testng.Assert.assertEqualsImpl(Assert.java:150)
	at org.testng.Assert.assertEquals(Assert.java:132)
	at org.testng.Assert.assertEquals(Assert.java:656)
	at tests.SauceDemoTests.verifyCartBadgeCount(SauceDemoTests.java:85)
	at java.base/jdk.internal.reflect.DirectMethodHandleAccessor.invoke(DirectMethodHandleAccessor.java:104)
	at java.base/java.lang.reflect.Method.invoke(Method.java:565)
	at org.testng.internal.invokers.MethodInvocationHelper.invokeMethod(MethodInvocationHelper.java:139)
	at org.testng.internal.invokers.TestInvoker.invokeMethod(TestInvoker.java:664)
	at org.testng.internal.invokers.TestInvoker.invokeTestMethod(TestInvoker.java:228)
	at org.testng.internal.invokers.MethodRunner.runInSequence(MethodRunner.java:63)
	at org.testng.internal.invokers.TestInvoker$MethodInvocationAgent.invoke(TestInvoker.java:961)
	at org.testng.internal.invokers.TestInvoker.invokeTestMethods(TestInvoker.java:201)
	at org.testng.internal.invokers.TestMethodWorker.invokeTestMethods(TestMethodWorker.java:148)
	at org.testng.internal.invokers.TestMethodWorker.run(TestMethodWorker.java:128)
	at java.base/java.util.ArrayList.forEach(ArrayList.java:1604)
	at org.testng.TestRunner.privateRun(TestRunner.java:819)
	at org.testng.TestRunner.run(TestRunner.java:619)
	at org.testng.SuiteRunner.runTest(SuiteRunner.java:443)
	at org.testng.SuiteRunner.runSequentially(SuiteRunner.java:437)
	at org.testng.SuiteRunner.privateRun(SuiteRunner.java:397)
	at org.testng.SuiteRunner.run(SuiteRunner.java:336)
	at org.testng.SuiteRunnerWorker.runSuite(SuiteRunnerWorker.java:52)
	at org.testng.SuiteRunnerWorker.run(SuiteRunnerWorker.java:95)
	at org.testng.TestNG.runSuitesSequentially(TestNG.java:1301)
	at org.testng.TestNG.runSuitesLocally(TestNG.java:1228)
	at org.testng.TestNG.runSuites(TestNG.java:1134)
	at org.testng.TestNG.run(TestNG.java:1101)
	at org.apache.maven.surefire.testng.TestNGExecutor.run(TestNGExecutor.java:155)
	at org.apache.maven.surefire.testng.TestNGDirectoryTestSuite.executeMulti(TestNGDirectoryTestSuite.java:169)
	at org.apache.maven.surefire.testng.TestNGDirectoryTestSuite.execute(TestNGDirectoryTestSuite.java:88)
	at org.apache.maven.surefire.testng.TestNGProvider.invoke(TestNGProvider.java:137)
	at org.apache.maven.surefire.booter.ForkedBooter.runSuitesInProcess(ForkedBooter.java:385)
	at org.apache.maven.surefire.booter.ForkedBooter.execute(ForkedBooter.java:162)
	at org.apache.maven.surefire.booter.ForkedBooter.run(ForkedBooter.java:507)
	at org.apache.maven.surefire.booter.ForkedBooter.main(ForkedBooter.java:495)
]]></failure>
    <system-err><![CDATA[янв. 22, 2026 11:23:07 PM org.openqa.selenium.manager.SeleniumManager lambda$runCommand$1
WARNING: Exception managing MicrosoftEdge: error sending request for url (https://msedgedriver.azureedge.net/LATEST_RELEASE_144_WINDOWS): error trying to connect: dns error: Этот хост неизвестен. (os error 11001)
янв. 22, 2026 11:23:07 PM org.openqa.selenium.manager.SeleniumManager lambda$runCommand$1
WARNING: The msedgedriver version (143.0.3650.96) detected in PATH at C:\Windows\msedgedriver.exe might not be compatible with the detected MicrosoftEdge version (144.0.3719.82); currently, msedgedriver  is recommended for MicrosoftEdge 144.*, so it is advised to delete the driver in PATH and retry
янв. 22, 2026 11:23:08 PM org.openqa.selenium.devtools.CdpVersionFinder findNearestMatch
WARNING: Unable to find CDP implementation matching 144
янв. 22, 2026 11:23:08 PM org.openqa.selenium.chromium.ChromiumDriver lambda$new$5
WARNING: Unable to find version of CDP to use for 144.0.3719.82. You may need to include a dependency on a specific version of the CDP using something similar to `org.seleniumhq.selenium:selenium-devtools-v86:4.16.1` where the version ("v86") matches the version of the chromium-based browser you're using and the version number of the artifact is the same as Selenium's.
]]></system-err>
  </testcase>
</testsuite>