<?xml version="1.0" encoding="UTF-8"?>
<testng-results ignored="0" total="4" passed="3" failed="1" skipped="0">
  <reporter-output>
  </reporter-output>
  <suite started-at="2026-01-22T23:22:45 GMT+05:00" name="Surefire suite" finished-at="2026-01-22T23:23:15 GMT+05:00" duration-ms="29989">
    <groups>
    </groups>
    <test started-at="2026-01-22T23:22:45 GMT+05:00" name="Surefire test" finished-at="2026-01-22T23:23:15 GMT+05:00" duration-ms="29989">
      <class name="tests.SauceDemoTests">
        <test-method is-config="true" signature="setup()[pri:0, instance:tests.SauceDemoTests@8b96fde]" started-at="2026-01-22T23:22:45 GMT+05:00" name="setup" finished-at="2026-01-22T23:22:55 GMT+05:00" duration-ms="10338" status="PASS">
          <reporter-output>
          </reporter-output>
        </test-method> <!-- setup -->
        <test-method signature="addItemToCart()[pri:0, instance:tests.SauceDemoTests@8b96fde]" started-at="2026-01-22T23:22:55 GMT+05:00" name="addItemToCart" finished-at="2026-01-22T23:22:56 GMT+05:00" duration-ms="484" status="PASS">
          <reporter-output>
          </reporter-output>
        </test-method> <!-- addItemToCart -->
        <test-method is-config="true" signature="teardown(org.testng.ITestResult)[pri:0, instance:tests.SauceDemoTests@8b96fde]" started-at="2026-01-22T23:22:56 GMT+05:00" name="teardown" finished-at="2026-01-22T23:22:56 GMT+05:00" duration-ms="169" status="PASS">
          <params>
            <param index="0">
              <value>
                <![CDATA[[TestResult name=addItemToCart status=SUCCESS method=SauceDemoTests.addItemToCart()[pri:0, instance:tests.SauceDemoTests@8b96fde] output={null}]]]>
              </value>
            </param>
          </params>
          <reporter-output>
          </reporter-output>
        </test-method> <!-- teardown -->
        <test-method is-config="true" signature="setup()[pri:0, instance:tests.SauceDemoTests@8b96fde]" started-at="2026-01-22T23:22:56 GMT+05:00" name="setup" finished-at="2026-01-22T23:23:01 GMT+05:00" duration-ms="4661" status="PASS">
          <reporter-output>
          </reporter-output>
        </test-method> <!-- setup -->
        <test-method signature="productSortingByPrice()[pri:0, instance:tests.SauceDemoTests@8b96fde]" started-at="2026-01-22T23:23:01 GMT+05:00" name="productSortingByPrice" finished-at="2026-01-22T23:23:01 GMT+05:00" duration-ms="581" status="PASS">
          <reporter-output>
          </reporter-output>
        </test-method> <!-- productSortingByPrice -->
        <test-method is-config="true" signature="teardown(org.testng.ITestResult)[pri:0, instance:tests.SauceDemoTests@8b96fde]" started-at="2026-01-22T23:23:01 GMT+05:00" name="teardown" finished-at="2026-01-22T23:23:01 GMT+05:00" duration-ms="169" status="PASS">
          <params>
            <param index="0">
              <value>
                <![CDATA[[TestResult name=productSortingByPrice status=SUCCESS method=SauceDemoTests.productSortingByPrice()[pri:0, instance:tests.SauceDemoTests@8b96fde] output={null}]]]>
              </value>
            </param>
          </params>
          <reporter-output>
          </reporter-output>
        </test-method> <!-- teardown -->
        <test-method is-config="true" signature="setup()[pri:0, instance:tests.SauceDemoTests@8b96fde]" started-at="2026-01-22T23:23:01 GMT+05:00" name="setup" finished-at="2026-01-22T23:23:06 GMT+05:00" duration-ms="4495" status="PASS">
          <reporter-output>
          </reporter-output>
        </test-method> <!-- setup -->
        <test-method signature="successfulLogin()[pri:0, instance:tests.SauceDemoTests@8b96fde]" started-at="2026-01-22T23:23:06 GMT+05:00" name="successfulLogin" finished-at="2026-01-22T23:23:06 GMT+05:00" duration-ms="327" status="PASS">
          <reporter-output>
          </reporter-output>
        </test-method> <!-- successfulLogin -->
        <test-method is-config="true" signature="teardown(org.testng.ITestResult)[pri:0, instance:tests.SauceDemoTests@8b96fde]" started-at="2026-01-22T23:23:06 GMT+05:00" name="teardown" finished-at="2026-01-22T23:23:06 GMT+05:00" duration-ms="173" status="PASS">
          <params>
            <param index="0">
              <value>
                <![CDATA[[TestResult name=successfulLogin status=SUCCESS method=SauceDemoTests.successfulLogin()[pri:0, instance:tests.SauceDemoTests@8b96fde] output={null}]]]>
              </value>
            </param>
          </params>
          <reporter-output>
          </reporter-output>
        </test-method> <!-- teardown -->
        <test-method is-config="true" signature="setup()[pri:0, instance:tests.SauceDemoTests@8b96fde]" started-at="2026-01-22T23:23:06 GMT+05:00" name="setup" finished-at="2026-01-22T23:23:14 GMT+05:00" duration-ms="7729" status="PASS">
          <reporter-output>
          </reporter-output>
        </test-method> <!-- setup -->
        <test-method signature="verifyCartBadgeCount()[pri:0, instance:tests.SauceDemoTests@8b96fde]" started-at="2026-01-22T23:23:14 GMT+05:00" name="verifyCartBadgeCount" finished-at="2026-01-22T23:23:15 GMT+05:00" duration-ms="462" status="FAIL">
          <exception class="java.lang.AssertionError">
            <message>
              <![CDATA[Cart badge should show 5 items expected [5] but found [2]]]>
            </message>
            <full-stacktrace>
              <![CDATA[java.lang.AssertionError: Cart badge should show 5 items expected [5] but found [2]
at org.testng.Assert.fail(Assert.java:111)
at org.testng.Assert.failNotEquals(Assert.java:1578)
at org.testng.Assert.assertEqualsImpl(Assert.java:150)
at org.testng.Assert.assertEquals(Assert.java:132)
at org.testng.Assert.assertEquals(Assert.java:656)
at tests.SauceDemoTests.verifyCartBadgeCount(SauceDemoTests.java:85)
at java.base/jdk.internal.reflect.DirectMethodHandleAccessor.invoke(DirectMethodHandleAccessor.java:104)
at java.base/java.lang.reflect.Method.invoke(Method.java:565)
at org.testng.internal.invokers.MethodInvocationHelper.invokeMethod(MethodInvocationHelper.java:139)
at org.testng.internal.invokers.TestInvoker.invokeMethod(TestInvoker.java:664)
at org.testng.internal.invokers.TestInvoker.invokeTestMethod(TestInvoker.java:228)
at org.testng.internal.invokers.MethodRunner.runInSequence(MethodRunner.java:63)
at org.testng.internal.invokers.TestInvoker$MethodInvocationAgent.invoke(TestInvoker.java:961)
at org.testng.internal.invokers.TestInvoker.invokeTestMethods(TestInvoker.java:201)
at org.testng.internal.invokers.TestMethodWorker.invokeTestMethods(TestMethodWorker.java:148)
at org.testng.internal.invokers.TestMethodWorker.run(TestMethodWorker.java:128)
at java.base/java.util.ArrayList.forEach(ArrayList.java:1604)
at org.testng.TestRunner.privateRun(TestRunner.java:819)
at org.testng.TestRunner.run(TestRunner.java:619)
at org.testng.SuiteRunner.runTest(SuiteRunner.java:443)
at org.testng.SuiteRunner.runSequentially(SuiteRunner.java:437)
at org.testng.SuiteRunner.privateRun(SuiteRunner.java:397)
at org.testng.SuiteRunner.run(SuiteRunner.java:336)
at org.testng.SuiteRunnerWorker.runSuite(SuiteRunnerWorker.java:52)
at org.testng.SuiteRunnerWorker.run(SuiteRunnerWorker.java:95)
at org.testng.TestNG.runSuitesSequentially(TestNG.java:1301)
at org.testng.TestNG.runSuitesLocally(TestNG.java:1228)
at org.testng.TestNG.runSuites(TestNG.java:1134)
at org.testng.TestNG.run(TestNG.java:1101)
at org.apache.maven.surefire.testng.TestNGExecutor.run(TestNGExecutor.java:155)
at org.apache.maven.surefire.testng.TestNGDirectoryTestSuite.executeMulti(TestNGDirectoryTestSuite.java:169)
at org.apache.maven.surefire.testng.TestNGDirectoryTestSuite.execute(TestNGDirectoryTestSuite.java:88)
at org.apache.maven.surefire.testng.TestNGProvider.invoke(TestNGProvider.java:137)
at org.apache.maven.surefire.booter.ForkedBooter.runSuitesInProcess(ForkedBooter.java:385)
at org.apache.maven.surefire.booter.ForkedBooter.execute(ForkedBooter.java:162)
at org.apache.maven.surefire.booter.ForkedBooter.run(ForkedBooter.java:507)
at org.apache.maven.surefire.booter.ForkedBooter.main(ForkedBooter.java:495)
]]>
            </full-stacktrace>
          </exception> <!-- java.lang.AssertionError -->
          <reporter-output>
          </reporter-output>
        </test-method> <!-- verifyCartBadgeCount -->
        <test-method is-config="true" signature="teardown(org.testng.ITestResult)[pri:0, instance:tests.SauceDemoTests@8b96fde]" started-at="2026-01-22T23:23:15 GMT+05:00" name="teardown" finished-at="2026-01-22T23:23:15 GMT+05:00" duration-ms="372" status="PASS">
          <params>
            <param index="0">
              <value>
                <![CDATA[[TestResult name=verifyCartBadgeCount status=FAILURE method=SauceDemoTests.verifyCartBadgeCount()[pri:0, instance:tests.SauceDemoTests@8b96fde] output={null}]]]>
              </value>
            </param>
          </params>
          <reporter-output>
          </reporter-output>
        </test-method> <!-- teardown -->
      </class> <!-- tests.SauceDemoTests -->
    </test> <!-- Surefire test -->
  </suite> <!-- Surefire suite -->
</testng-results>
